<?xml version="1.0" encoding="UTF-8"?>
<!-- Generated by org.testng.reporters.JUnitReportReporter -->
<testsuite hostname="DESKTOP-DVS91BC" failures="0" tests="1" name="loginTestCases.CorrectUserName" time="11.756" errors="0" timestamp="2022-10-02T05:00:29 IST" skipped="0">
  <testcase classname="loginTestCases.CorrectUserName" name="loginWithCorrectUserName" time="11.756"/>
  <system-out/>
</testsuite> <!-- loginTestCases.CorrectUserName -->
