<?xml version="1.0" encoding="UTF-8"?>
<!-- Generated by org.testng.reporters.JUnitReportReporter -->
<testsuite hostname="DESKTOP-DVS91BC" failures="0" tests="1" name="loginTestCases.CorrectPassword" time="9.269" errors="0" timestamp="2022-10-02T05:00:29 IST" skipped="0">
  <testcase classname="loginTestCases.CorrectPassword" name="loginWithCorrectPassword" time="9.269"/>
  <system-out/>
</testsuite> <!-- loginTestCases.CorrectPassword -->
