<?xml version="1.0" encoding="UTF-8"?>
<!-- Generated by org.testng.reporters.JUnitReportReporter -->
<testsuite hostname="DESKTOP-DVS91BC" failures="0" tests="1" name="loginTestCases.BothIncorrect" time="10.911" errors="0" timestamp="2022-10-02T05:00:29 IST" skipped="0">
  <testcase classname="loginTestCases.BothIncorrect" name="loginWithBothIncorrect" time="10.911"/>
  <system-out/>
</testsuite> <!-- loginTestCases.BothIncorrect -->
